[ 2024-05-28 13:01:15,431 ] 97 werkzeug - INFO - [31m[1mWARNING: This is a development server. Do not use it in a production deployment. Use a production WSGI server instead.[0m
 * Running on all addresses (0.0.0.0)
 * Running on http://127.0.0.1:5000
 * Running on http://10.0.4.40:5000
[ 2024-05-28 13:01:15,431 ] 97 werkzeug - INFO - [33mPress CTRL+C to quit[0m
[ 2024-05-28 13:01:15,439 ] 97 werkzeug - INFO -  * Restarting with watchdog (windowsapi)
[ 2024-05-28 13:02:56,605 ] 97 werkzeug - INFO -  * Restarting with watchdog (windowsapi)
[ 2024-05-28 13:03:16,344 ] 97 werkzeug - INFO -  * Restarting with watchdog (windowsapi)
[ 2024-05-28 13:07:03,289 ] 97 werkzeug - INFO -  * Restarting with watchdog (windowsapi)
[ 2024-05-28 13:07:09,943 ] 97 werkzeug - INFO -  * Restarting with watchdog (windowsapi)
[ 2024-05-28 13:07:48,890 ] 97 werkzeug - INFO -  * Restarting with watchdog (windowsapi)
[ 2024-05-28 13:07:55,351 ] 97 werkzeug - INFO -  * Restarting with watchdog (windowsapi)
[ 2024-05-28 13:08:05,801 ] 97 werkzeug - INFO -  * Restarting with watchdog (windowsapi)
[ 2024-05-28 13:08:09,509 ] 97 werkzeug - INFO -  * Restarting with watchdog (windowsapi)
[ 2024-05-28 13:08:14,011 ] 97 werkzeug - INFO -  * Restarting with watchdog (windowsapi)
[ 2024-05-28 13:08:23,530 ] 97 werkzeug - INFO -  * Restarting with watchdog (windowsapi)
[ 2024-05-28 13:08:39,345 ] 97 werkzeug - INFO -  * Restarting with watchdog (windowsapi)
[ 2024-05-28 13:08:54,060 ] 97 werkzeug - INFO -  * Restarting with watchdog (windowsapi)
[ 2024-05-28 13:08:57,590 ] 97 werkzeug - INFO -  * Restarting with watchdog (windowsapi)
[ 2024-05-28 13:09:08,219 ] 97 werkzeug - INFO -  * Restarting with watchdog (windowsapi)
[ 2024-05-28 13:09:17,014 ] 97 werkzeug - INFO -  * Restarting with watchdog (windowsapi)
[ 2024-05-28 13:09:59,873 ] 97 werkzeug - INFO -  * Restarting with watchdog (windowsapi)
[ 2024-05-28 13:10:23,877 ] 97 werkzeug - INFO -  * Restarting with watchdog (windowsapi)
[ 2024-05-28 13:10:27,372 ] 97 werkzeug - INFO -  * Restarting with watchdog (windowsapi)
[ 2024-05-28 13:10:31,078 ] 97 werkzeug - INFO -  * Restarting with watchdog (windowsapi)
[ 2024-05-28 13:10:35,682 ] 97 werkzeug - INFO -  * Restarting with watchdog (windowsapi)
[ 2024-05-28 13:10:39,197 ] 97 werkzeug - INFO -  * Restarting with watchdog (windowsapi)
[ 2024-05-28 13:10:44,542 ] 97 werkzeug - INFO -  * Restarting with watchdog (windowsapi)
[ 2024-05-28 13:10:49,205 ] 97 werkzeug - INFO -  * Restarting with watchdog (windowsapi)
[ 2024-05-28 13:10:52,736 ] 97 werkzeug - INFO -  * Restarting with watchdog (windowsapi)
[ 2024-05-28 13:12:23,032 ] 97 werkzeug - INFO -  * Restarting with watchdog (windowsapi)
[ 2024-05-28 13:12:33,754 ] 97 werkzeug - INFO -  * Restarting with watchdog (windowsapi)
[ 2024-05-28 13:12:44,227 ] 97 werkzeug - INFO -  * Restarting with watchdog (windowsapi)
[ 2024-05-28 13:12:53,826 ] 97 werkzeug - INFO -  * Restarting with watchdog (windowsapi)
[ 2024-05-28 13:12:59,257 ] 97 werkzeug - INFO -  * Restarting with watchdog (windowsapi)
[ 2024-05-28 13:13:04,851 ] 97 werkzeug - INFO -  * Restarting with watchdog (windowsapi)
[ 2024-05-28 13:13:13,270 ] 97 werkzeug - INFO -  * Restarting with watchdog (windowsapi)
[ 2024-05-28 13:13:28,064 ] 97 werkzeug - INFO -  * Restarting with watchdog (windowsapi)
[ 2024-05-28 13:13:31,621 ] 97 werkzeug - INFO -  * Restarting with watchdog (windowsapi)
[ 2024-05-28 13:13:35,287 ] 97 werkzeug - INFO -  * Restarting with watchdog (windowsapi)
[ 2024-05-28 13:13:41,699 ] 97 werkzeug - INFO -  * Restarting with watchdog (windowsapi)
[ 2024-05-28 13:13:46,470 ] 97 werkzeug - INFO -  * Restarting with watchdog (windowsapi)
[ 2024-05-28 13:13:50,241 ] 97 werkzeug - INFO -  * Restarting with watchdog (windowsapi)
[ 2024-05-28 13:13:55,870 ] 97 werkzeug - INFO -  * Restarting with watchdog (windowsapi)
[ 2024-05-28 13:14:01,884 ] 97 werkzeug - INFO -  * Restarting with watchdog (windowsapi)
[ 2024-05-28 13:14:05,331 ] 97 werkzeug - INFO -  * Restarting with watchdog (windowsapi)
[ 2024-05-28 13:14:08,815 ] 97 werkzeug - INFO -  * Restarting with watchdog (windowsapi)
[ 2024-05-28 13:14:48,842 ] 97 werkzeug - INFO -  * Restarting with watchdog (windowsapi)
[ 2024-05-28 13:14:52,588 ] 97 werkzeug - INFO -  * Restarting with watchdog (windowsapi)
[ 2024-05-28 13:14:56,075 ] 97 werkzeug - INFO -  * Restarting with watchdog (windowsapi)
[ 2024-05-28 13:15:05,556 ] 97 werkzeug - INFO -  * Restarting with watchdog (windowsapi)
[ 2024-05-28 13:15:27,170 ] 97 werkzeug - INFO -  * Restarting with watchdog (windowsapi)
[ 2024-05-28 13:15:30,679 ] 97 werkzeug - INFO -  * Restarting with watchdog (windowsapi)
[ 2024-05-28 13:15:36,225 ] 97 werkzeug - INFO -  * Restarting with watchdog (windowsapi)
[ 2024-05-28 13:15:44,810 ] 97 werkzeug - INFO -  * Restarting with watchdog (windowsapi)
[ 2024-05-28 13:15:50,359 ] 97 werkzeug - INFO -  * Restarting with watchdog (windowsapi)
[ 2024-05-28 13:15:55,957 ] 97 werkzeug - INFO -  * Restarting with watchdog (windowsapi)
[ 2024-05-28 13:16:09,742 ] 97 werkzeug - INFO -  * Restarting with watchdog (windowsapi)
[ 2024-05-28 13:16:14,539 ] 97 werkzeug - INFO -  * Restarting with watchdog (windowsapi)
[ 2024-05-28 13:16:51,240 ] 97 werkzeug - INFO -  * Restarting with watchdog (windowsapi)
[ 2024-05-28 13:16:54,688 ] 97 werkzeug - INFO -  * Restarting with watchdog (windowsapi)
[ 2024-05-28 13:16:58,277 ] 97 werkzeug - INFO -  * Restarting with watchdog (windowsapi)
[ 2024-05-28 13:17:17,978 ] 97 werkzeug - INFO -  * Restarting with watchdog (windowsapi)
[ 2024-05-28 13:17:41,658 ] 97 werkzeug - INFO -  * Restarting with watchdog (windowsapi)
[ 2024-05-28 13:17:51,328 ] 97 werkzeug - INFO -  * Restarting with watchdog (windowsapi)
[ 2024-05-28 13:17:57,041 ] 97 werkzeug - INFO -  * Restarting with watchdog (windowsapi)
[ 2024-05-28 13:18:00,659 ] 97 werkzeug - INFO -  * Restarting with watchdog (windowsapi)
[ 2024-05-28 13:18:07,136 ] 97 werkzeug - INFO -  * Restarting with watchdog (windowsapi)
[ 2024-05-28 13:18:12,651 ] 97 werkzeug - INFO -  * Restarting with watchdog (windowsapi)
[ 2024-05-28 13:18:17,207 ] 97 werkzeug - INFO -  * Restarting with watchdog (windowsapi)
[ 2024-05-28 13:18:22,731 ] 97 werkzeug - INFO -  * Restarting with watchdog (windowsapi)
[ 2024-05-28 13:18:27,366 ] 97 werkzeug - INFO -  * Restarting with watchdog (windowsapi)
[ 2024-05-28 13:18:33,023 ] 97 werkzeug - INFO -  * Restarting with watchdog (windowsapi)
[ 2024-05-28 13:18:37,708 ] 97 werkzeug - INFO -  * Restarting with watchdog (windowsapi)
[ 2024-05-28 13:18:41,262 ] 97 werkzeug - INFO -  * Restarting with watchdog (windowsapi)
[ 2024-05-28 13:18:44,935 ] 97 werkzeug - INFO -  * Restarting with watchdog (windowsapi)
[ 2024-05-28 13:18:51,553 ] 97 werkzeug - INFO -  * Restarting with watchdog (windowsapi)
[ 2024-05-28 13:19:10,067 ] 97 werkzeug - INFO -  * Restarting with watchdog (windowsapi)
[ 2024-05-28 13:19:33,461 ] 97 werkzeug - INFO -  * Restarting with watchdog (windowsapi)
[ 2024-05-28 13:19:37,011 ] 97 werkzeug - INFO -  * Restarting with watchdog (windowsapi)
[ 2024-05-28 13:19:44,668 ] 97 werkzeug - INFO -  * Restarting with watchdog (windowsapi)
[ 2024-05-28 13:19:50,449 ] 97 werkzeug - INFO -  * Restarting with watchdog (windowsapi)
[ 2024-05-28 13:19:54,148 ] 97 werkzeug - INFO -  * Restarting with watchdog (windowsapi)
[ 2024-05-28 13:19:57,610 ] 97 werkzeug - INFO -  * Restarting with watchdog (windowsapi)
[ 2024-05-28 13:20:17,384 ] 97 werkzeug - INFO -  * Restarting with watchdog (windowsapi)
[ 2024-05-28 13:20:24,250 ] 97 werkzeug - INFO -  * Restarting with watchdog (windowsapi)
[ 2024-05-28 13:20:29,810 ] 97 werkzeug - INFO -  * Restarting with watchdog (windowsapi)
[ 2024-05-28 13:20:40,296 ] 97 werkzeug - INFO -  * Restarting with watchdog (windowsapi)
[ 2024-05-28 13:20:55,968 ] 97 werkzeug - INFO -  * Restarting with watchdog (windowsapi)
[ 2024-05-28 13:22:27,559 ] 97 werkzeug - INFO -  * Restarting with watchdog (windowsapi)
[ 2024-05-28 13:22:39,778 ] 97 werkzeug - INFO -  * Restarting with watchdog (windowsapi)
[ 2024-05-28 13:22:56,379 ] 97 werkzeug - INFO -  * Restarting with watchdog (windowsapi)
[ 2024-05-28 13:23:12,224 ] 97 werkzeug - INFO -  * Restarting with watchdog (windowsapi)
[ 2024-05-28 13:23:29,008 ] 97 werkzeug - INFO -  * Restarting with watchdog (windowsapi)
[ 2024-05-28 13:23:37,570 ] 97 werkzeug - INFO -  * Restarting with watchdog (windowsapi)
[ 2024-05-28 13:23:49,172 ] 97 werkzeug - INFO -  * Restarting with watchdog (windowsapi)
[ 2024-05-28 13:23:56,657 ] 97 werkzeug - INFO -  * Restarting with watchdog (windowsapi)
[ 2024-05-28 13:24:17,137 ] 97 werkzeug - INFO -  * Restarting with watchdog (windowsapi)
[ 2024-05-28 13:24:20,800 ] 97 werkzeug - INFO -  * Restarting with watchdog (windowsapi)
[ 2024-05-28 13:27:22,151 ] 97 werkzeug - INFO -  * Restarting with watchdog (windowsapi)
[ 2024-05-28 13:27:25,613 ] 97 werkzeug - INFO -  * Restarting with watchdog (windowsapi)
[ 2024-05-28 13:27:30,028 ] 97 werkzeug - INFO -  * Restarting with watchdog (windowsapi)
[ 2024-05-28 13:27:42,042 ] 97 werkzeug - INFO -  * Restarting with watchdog (windowsapi)
[ 2024-05-28 13:27:53,839 ] 97 werkzeug - INFO -  * Restarting with watchdog (windowsapi)
[ 2024-05-28 13:28:02,598 ] 97 werkzeug - INFO -  * Restarting with watchdog (windowsapi)
[ 2024-05-28 13:28:08,277 ] 97 werkzeug - INFO -  * Restarting with watchdog (windowsapi)
[ 2024-05-28 13:28:52,193 ] 97 werkzeug - INFO -  * Restarting with watchdog (windowsapi)
[ 2024-05-28 13:28:59,796 ] 97 werkzeug - INFO -  * Restarting with watchdog (windowsapi)
[ 2024-05-28 13:29:03,216 ] 97 werkzeug - INFO -  * Restarting with watchdog (windowsapi)
[ 2024-05-28 13:29:07,918 ] 97 werkzeug - INFO -  * Restarting with watchdog (windowsapi)
[ 2024-05-28 13:29:11,227 ] 97 werkzeug - INFO -  * Restarting with watchdog (windowsapi)
[ 2024-05-28 13:29:16,944 ] 97 werkzeug - INFO -  * Restarting with watchdog (windowsapi)
[ 2024-05-28 13:29:20,268 ] 97 werkzeug - INFO -  * Restarting with watchdog (windowsapi)
[ 2024-05-28 13:29:25,769 ] 97 werkzeug - INFO -  * Restarting with watchdog (windowsapi)
[ 2024-05-28 13:29:29,565 ] 97 werkzeug - INFO -  * Restarting with watchdog (windowsapi)
[ 2024-05-28 13:29:34,262 ] 97 werkzeug - INFO -  * Restarting with watchdog (windowsapi)
[ 2024-05-28 13:29:39,851 ] 97 werkzeug - INFO -  * Restarting with watchdog (windowsapi)
[ 2024-05-28 13:29:44,531 ] 97 werkzeug - INFO -  * Restarting with watchdog (windowsapi)
[ 2024-05-28 13:29:48,058 ] 97 werkzeug - INFO -  * Restarting with watchdog (windowsapi)
[ 2024-05-28 13:29:53,560 ] 97 werkzeug - INFO -  * Restarting with watchdog (windowsapi)
[ 2024-05-28 13:30:01,356 ] 97 werkzeug - INFO -  * Restarting with watchdog (windowsapi)
[ 2024-05-28 13:30:06,758 ] 97 werkzeug - INFO -  * Restarting with watchdog (windowsapi)
[ 2024-05-28 13:30:15,420 ] 97 werkzeug - INFO -  * Restarting with watchdog (windowsapi)
[ 2024-05-28 13:30:26,988 ] 97 werkzeug - INFO -  * Restarting with watchdog (windowsapi)
[ 2024-05-28 13:30:32,296 ] 97 werkzeug - INFO -  * Restarting with watchdog (windowsapi)
[ 2024-05-28 13:30:39,801 ] 97 werkzeug - INFO -  * Restarting with watchdog (windowsapi)
[ 2024-05-28 13:30:44,302 ] 97 werkzeug - INFO -  * Restarting with watchdog (windowsapi)
[ 2024-05-28 13:30:49,805 ] 97 werkzeug - INFO -  * Restarting with watchdog (windowsapi)
[ 2024-05-28 13:30:54,297 ] 97 werkzeug - INFO -  * Restarting with watchdog (windowsapi)
[ 2024-05-28 13:30:58,756 ] 97 werkzeug - INFO -  * Restarting with watchdog (windowsapi)
[ 2024-05-28 13:31:05,434 ] 97 werkzeug - INFO -  * Restarting with watchdog (windowsapi)
[ 2024-05-28 13:31:10,898 ] 97 werkzeug - INFO -  * Restarting with watchdog (windowsapi)
[ 2024-05-28 13:31:17,453 ] 97 werkzeug - INFO -  * Restarting with watchdog (windowsapi)
[ 2024-05-28 13:31:21,911 ] 97 werkzeug - INFO -  * Restarting with watchdog (windowsapi)
[ 2024-05-28 13:31:29,610 ] 97 werkzeug - INFO -  * Restarting with watchdog (windowsapi)
[ 2024-05-28 13:31:34,146 ] 97 werkzeug - INFO -  * Restarting with watchdog (windowsapi)
[ 2024-05-28 13:31:37,970 ] 97 werkzeug - INFO -  * Restarting with watchdog (windowsapi)
[ 2024-05-28 13:31:44,540 ] 97 werkzeug - INFO -  * Restarting with watchdog (windowsapi)
[ 2024-05-28 13:31:49,956 ] 97 werkzeug - INFO -  * Restarting with watchdog (windowsapi)
[ 2024-05-28 13:31:55,444 ] 97 werkzeug - INFO -  * Restarting with watchdog (windowsapi)
[ 2024-05-28 13:31:59,866 ] 97 werkzeug - INFO -  * Restarting with watchdog (windowsapi)
[ 2024-05-28 13:32:03,292 ] 97 werkzeug - INFO -  * Restarting with watchdog (windowsapi)
[ 2024-05-28 13:32:08,988 ] 97 werkzeug - INFO -  * Restarting with watchdog (windowsapi)
[ 2024-05-28 13:32:14,374 ] 97 werkzeug - INFO -  * Restarting with watchdog (windowsapi)
[ 2024-05-28 13:32:20,817 ] 97 werkzeug - INFO -  * Restarting with watchdog (windowsapi)
[ 2024-05-28 13:32:28,712 ] 97 werkzeug - INFO -  * Restarting with watchdog (windowsapi)
[ 2024-05-28 13:32:32,375 ] 97 werkzeug - INFO -  * Restarting with watchdog (windowsapi)
[ 2024-05-28 13:32:35,988 ] 97 werkzeug - INFO -  * Restarting with watchdog (windowsapi)
[ 2024-05-28 13:32:39,472 ] 97 werkzeug - INFO -  * Restarting with watchdog (windowsapi)
[ 2024-05-28 13:32:43,997 ] 97 werkzeug - INFO -  * Restarting with watchdog (windowsapi)
[ 2024-05-28 13:32:47,479 ] 97 werkzeug - INFO -  * Restarting with watchdog (windowsapi)
[ 2024-05-28 13:32:52,105 ] 97 werkzeug - INFO -  * Restarting with watchdog (windowsapi)
[ 2024-05-28 13:32:56,444 ] 97 werkzeug - INFO -  * Restarting with watchdog (windowsapi)
[ 2024-05-28 13:32:59,998 ] 97 werkzeug - INFO -  * Restarting with watchdog (windowsapi)
[ 2024-05-28 13:33:03,866 ] 97 werkzeug - INFO -  * Restarting with watchdog (windowsapi)
[ 2024-05-28 13:33:10,529 ] 97 werkzeug - INFO -  * Restarting with watchdog (windowsapi)
[ 2024-05-28 13:33:13,969 ] 97 werkzeug - INFO -  * Restarting with watchdog (windowsapi)
[ 2024-05-28 13:33:18,504 ] 97 werkzeug - INFO -  * Restarting with watchdog (windowsapi)
[ 2024-05-28 13:33:22,005 ] 97 werkzeug - INFO -  * Restarting with watchdog (windowsapi)
[ 2024-05-28 13:33:26,522 ] 97 werkzeug - INFO -  * Restarting with watchdog (windowsapi)
[ 2024-05-28 13:33:32,075 ] 97 werkzeug - INFO -  * Restarting with watchdog (windowsapi)
[ 2024-05-28 13:33:36,772 ] 97 werkzeug - INFO -  * Restarting with watchdog (windowsapi)
[ 2024-05-28 13:33:40,394 ] 97 werkzeug - INFO -  * Restarting with watchdog (windowsapi)
[ 2024-05-28 13:33:45,956 ] 97 werkzeug - INFO -  * Restarting with watchdog (windowsapi)
[ 2024-05-28 13:33:50,581 ] 97 werkzeug - INFO -  * Restarting with watchdog (windowsapi)
[ 2024-05-28 13:34:18,707 ] 97 werkzeug - INFO -  * Restarting with watchdog (windowsapi)
